<?xml version="1.0" encoding="UTF-8"?>
<!-- Generated by org.testng.reporters.JUnitXMLReporter -->
<testsuite ignored="0" hostname="DESKTOP-6UJ2TDL" failures="0" tests="6" name="Default test" time="6.037" errors="0" timestamp="2024-03-13T21:44:28 EDT">
  <testcase classname="api_test.Items_management_api" name="login_test" time="2.558"/>
  <testcase classname="api_test.Items_management_api" name="create_item" time="0.634"/>
  <testcase classname="api_test.Items_management_api" name="list_all_items" time="1.527"/>
  <testcase classname="api_test.Items_management_api" name="get_item" time="0.391"/>
  <testcase classname="api_test.Items_management_api" name="delete_item" time="0.523"/>
  <testcase classname="api_test.Items_management_api" name="update_item" time="0.342"/>
</testsuite> <!-- Default test -->
