<?xml version="1.0" encoding="UTF-8"?>
<!-- Generated by org.testng.reporters.JUnitXMLReporter -->
<testsuite ignored="0" hostname="DESKTOP-6UJ2TDL" failures="0" tests="6" name="Crater Items API Tests" time="7.909" errors="0" timestamp="2024-03-13T21:46:21 EDT">
  <testcase classname="api_tests.Items_management_api" name="login_test" time="3.179"/>
  <testcase classname="api_tests.Items_management_api" name="create_item" time="1.345"/>
  <testcase classname="api_tests.Items_management_api" name="list_all_items" time="1.663"/>
  <testcase classname="api_tests.Items_management_api" name="get_item" time="0.51"/>
  <testcase classname="api_tests.Items_management_api" name="delete_item" time="0.328"/>
  <testcase classname="api_tests.Items_management_api" name="update_item" time="0.822"/>
</testsuite> <!-- Crater Items API Tests -->
