<?xml version="1.0" encoding="UTF-8"?>
<testng-results ignored="0" total="6" passed="6" failed="0" skipped="0">
  <reporter-output>
  </reporter-output>
  <suite started-at="2024-03-19T11:33:57 EDT" name="Crater_Mngt" finished-at="2024-03-19T11:34:04 EDT" duration-ms="7401">
    <groups>
    </groups>
    <test started-at="2024-03-19T11:33:57 EDT" name="Crater API Tests" finished-at="2024-03-19T11:34:04 EDT" duration-ms="7401">
      <class name="api_tests.Items_management_api">
        <test-method signature="login_test()[pri:0, instance:api_tests.Items_management_api@1aafa419]" started-at="2024-03-19T11:33:57 EDT" name="login_test" finished-at="2024-03-19T11:34:00 EDT" duration-ms="3471" status="PASS">
          <reporter-output>
          </reporter-output>
        </test-method> <!-- login_test -->
        <test-method signature="create_item()[pri:0, instance:api_tests.Items_management_api@1aafa419]" started-at="2024-03-19T11:34:00 EDT" name="create_item" finished-at="2024-03-19T11:34:01 EDT" depends-on-methods="api_tests.Items_management_api.login_test" duration-ms="978" status="PASS">
          <reporter-output>
          </reporter-output>
        </test-method> <!-- create_item -->
        <test-method signature="list_all_items()[pri:0, instance:api_tests.Items_management_api@1aafa419]" started-at="2024-03-19T11:34:01 EDT" name="list_all_items" finished-at="2024-03-19T11:34:03 EDT" depends-on-methods="api_tests.Items_management_api.login_test" duration-ms="1866" status="PASS">
          <reporter-output>
          </reporter-output>
        </test-method> <!-- list_all_items -->
        <test-method signature="get_item()[pri:0, instance:api_tests.Items_management_api@1aafa419]" started-at="2024-03-19T11:34:03 EDT" name="get_item" finished-at="2024-03-19T11:34:04 EDT" depends-on-methods="api_tests.Items_management_api.create_item" duration-ms="376" status="PASS">
          <reporter-output>
          </reporter-output>
        </test-method> <!-- get_item -->
        <test-method signature="delete_item()[pri:0, instance:api_tests.Items_management_api@1aafa419]" started-at="2024-03-19T11:34:04 EDT" name="delete_item" finished-at="2024-03-19T11:34:04 EDT" depends-on-methods="api_tests.Items_management_api.get_item" duration-ms="342" status="PASS">
          <reporter-output>
          </reporter-output>
        </test-method> <!-- delete_item -->
        <test-method signature="update_item()[pri:0, instance:api_tests.Items_management_api@1aafa419]" started-at="2024-03-19T11:34:04 EDT" name="update_item" finished-at="2024-03-19T11:34:04 EDT" depends-on-methods="api_tests.Items_management_api.get_item" duration-ms="305" status="PASS">
          <reporter-output>
          </reporter-output>
        </test-method> <!-- update_item -->
      </class> <!-- api_tests.Items_management_api -->
    </test> <!-- Crater API Tests -->
  </suite> <!-- Crater_Mngt -->
</testng-results>
