<?xml version="1.0" encoding="UTF-8"?>
<testng-results ignored="0" total="4" passed="4" failed="0" skipped="0">
  <reporter-output>
  </reporter-output>
  <suite started-at="2024-03-09T12:33:28 EST" name="Default suite" finished-at="2024-03-09T12:33:35 EST" duration-ms="6623">
    <groups>
    </groups>
    <test started-at="2024-03-09T12:33:28 EST" name="Default test" finished-at="2024-03-09T12:33:35 EST" duration-ms="6623">
      <class name="api_test.Items_management_api">
        <test-method signature="login_test()[pri:0, instance:api_test.Items_management_api@3270d194]" started-at="2024-03-09T12:33:28 EST" name="login_test" finished-at="2024-03-09T12:33:32 EST" duration-ms="3324" status="PASS">
          <reporter-output>
          </reporter-output>
        </test-method> <!-- login_test -->
        <test-method signature="create_item()[pri:0, instance:api_test.Items_management_api@3270d194]" started-at="2024-03-09T12:33:32 EST" name="create_item" finished-at="2024-03-09T12:33:33 EST" depends-on-methods="api_test.Items_management_api.login_test" duration-ms="1337" status="PASS">
          <reporter-output>
          </reporter-output>
        </test-method> <!-- create_item -->
        <test-method signature="get_item()[pri:0, instance:api_test.Items_management_api@3270d194]" started-at="2024-03-09T12:33:33 EST" name="get_item" finished-at="2024-03-09T12:33:34 EST" depends-on-methods="api_test.Items_management_api.create_item" duration-ms="1004" status="PASS">
          <reporter-output>
          </reporter-output>
        </test-method> <!-- get_item -->
        <test-method signature="update_item()[pri:0, instance:api_test.Items_management_api@3270d194]" started-at="2024-03-09T12:33:34 EST" name="update_item" finished-at="2024-03-09T12:33:35 EST" depends-on-methods="api_test.Items_management_api.get_item" duration-ms="895" status="PASS">
          <reporter-output>
          </reporter-output>
        </test-method> <!-- update_item -->
      </class> <!-- api_test.Items_management_api -->
    </test> <!-- Default test -->
  </suite> <!-- Default suite -->
</testng-results>
