<?xml version="1.0" encoding="UTF-8"?>
<!-- Generated by org.testng.reporters.JUnitXMLReporter -->
<testsuite ignored="0" hostname="DESKTOP-6UJ2TDL" failures="0" tests="6" name="Crater API Tests" time="7.401" errors="0" timestamp="2024-03-19T11:34:04 EDT">
  <testcase classname="api_tests.Items_management_api" name="login_test" time="3.471"/>
  <testcase classname="api_tests.Items_management_api" name="create_item" time="0.978"/>
  <testcase classname="api_tests.Items_management_api" name="list_all_items" time="1.866"/>
  <testcase classname="api_tests.Items_management_api" name="get_item" time="0.376"/>
  <testcase classname="api_tests.Items_management_api" name="delete_item" time="0.342"/>
  <testcase classname="api_tests.Items_management_api" name="update_item" time="0.305"/>
</testsuite> <!-- Crater API Tests -->
